2014-01-09 17:00:00 -0500: Running stats as-of 2014-01-08...
...Postal-Marine-Series/Bellicose > 68420
...Postal-Marine-Series/Luctation > 25516
...Postal-Marine-Series/Imbroglio > 10825
...Postal-Marine-Series/Scintilla > 104811
...Total: 209572
2014-01-11 13:59:12 -0500: Running stats as-of 2014-01-10...
...Postal-Marine-Series/Bellicose > 68996
...Postal-Marine-Series/Luctation > 25516
...Postal-Marine-Series/Imbroglio > 10825
...Postal-Marine-Series/Scintilla > 104811
...Total: 210148
2014-01-11 14:01:47 -0500: Running stats as-of 2014-01-10...
...Postal-Marine-Series/Bellicose > 68996
...Postal-Marine-Series/Luctation > 25516
...Postal-Marine-Series/Imbroglio > 10825
...Postal-Marine-Series/Scintilla > 104811
...Total: 210148
2014-01-11 14:04:43 -0500: Running stats as-of 2014-01-10...
...Postal-Marine-Series/Bellicose > 68996
...Postal-Marine-Series/Luctation > 25516
...Postal-Marine-Series/Imbroglio > 10825
...Postal-Marine-Series/Scintilla > 104811
...Total: 210148
2014-01-12 02:00:01 -0500: Running stats as-of 2014-01-11...
...Postal-Marine-Series/Bellicose > 68996
...Postal-Marine-Series/Luctation > 25516
...Postal-Marine-Series/Imbroglio > 10825
...Postal-Marine-Series/Scintilla > 104811
...Total: 210148
2014-01-13 02:00:01 -0500: Running stats as-of 2014-01-12...
...Postal-Marine-Series/Bellicose > 69708
...Postal-Marine-Series/Luctation > 25516
...Postal-Marine-Series/Imbroglio > 10825
...Postal-Marine-Series/Scintilla > 104811
...Total: 210860
2014-01-14 02:00:09 -0500: Running stats as-of 2014-01-13...
...Postal-Marine-Series/Bellicose > 69818
...Postal-Marine-Series/Luctation > 25516
...Postal-Marine-Series/Imbroglio > 10825
...Postal-Marine-Series/Scintilla > 104811
...Total: 210970
2014-01-15 02:00:01 -0500: Running stats as-of 2014-01-14...
...Postal-Marine-Series/Bellicose > 70320
...Postal-Marine-Series/Luctation > 25516
...Postal-Marine-Series/Imbroglio > 10825
...Postal-Marine-Series/Scintilla > 104811
...Total: 211472
2014-01-16 02:00:01 -0500: Running stats as-of 2014-01-15...
...Postal-Marine-Series/Bellicose > 70351
...Postal-Marine-Series/Luctation > 25516
...Postal-Marine-Series/Imbroglio > 10825
...Postal-Marine-Series/Scintilla > 104811
...Total: 211503
2014-01-17 02:00:02 -0500: Running stats as-of 2014-01-16...
...Postal-Marine-Series/Bellicose > 70693
...Postal-Marine-Series/Luctation > 25516
...Postal-Marine-Series/Imbroglio > 10825
...Postal-Marine-Series/Scintilla > 104811
...Total: 211845
2014-01-18 02:00:02 -0500: Running stats as-of 2014-01-17...
...Postal-Marine-Series/Bellicose > 70693
...Postal-Marine-Series/Luctation > 25516
...Postal-Marine-Series/Imbroglio > 10825
...Postal-Marine-Series/Scintilla > 104811
...Total: 211845
2014-01-19 02:00:04 -0500: Running stats as-of 2014-01-18...
...Postal-Marine-Series/Bellicose > 70693
...Postal-Marine-Series/Luctation > 25516
...Postal-Marine-Series/Imbroglio > 10825
...Postal-Marine-Series/Scintilla > 104811
...Total: 211845
2014-01-20 02:00:02 -0500: Running stats as-of 2014-01-19...
...Postal-Marine-Series/Bellicose > 72104
...Postal-Marine-Series/Luctation > 25516
...Postal-Marine-Series/Imbroglio > 10825
...Postal-Marine-Series/Scintilla > 104811
...Total: 213256
2014-01-21 02:00:01 -0500: Running stats as-of 2014-01-20...
...Postal-Marine-Series/Bellicose > 73920
...Postal-Marine-Series/Luctation > 25516
...Postal-Marine-Series/Imbroglio > 10825
...Postal-Marine-Series/Scintilla > 104811
...Total: 215072
2014-01-22 02:00:01 -0500: Running stats as-of 2014-01-21...
...Postal-Marine-Series/Bellicose > 74437
...Postal-Marine-Series/Luctation > 25516
...Postal-Marine-Series/Imbroglio > 10825
...Postal-Marine-Series/Scintilla > 104811
...Total: 215589
2014-01-23 02:00:01 -0500: Running stats as-of 2014-01-22...
...Postal-Marine-Series/Bellicose > 74437
...Postal-Marine-Series/Luctation > 25548
...Postal-Marine-Series/Imbroglio > 10825
...Postal-Marine-Series/Scintilla > 104811
...Total: 215621
2014-01-24 02:00:00 -0500: Running stats as-of 2014-01-23...
...Postal-Marine-Series/Bellicose > 74437
...Postal-Marine-Series/Luctation > 27096
...Postal-Marine-Series/Imbroglio > 10825
...Postal-Marine-Series/Scintilla > 104811
...Total: 217169
2014-01-25 02:00:01 -0500: Running stats as-of 2014-01-24...
...Postal-Marine-Series/Bellicose > 74437
...Postal-Marine-Series/Luctation > 27096
...Postal-Marine-Series/Imbroglio > 10825
...Postal-Marine-Series/Scintilla > 104811
...Total: 217169
2014-01-26 02:00:01 -0500: Running stats as-of 2014-01-25...
...Postal-Marine-Series/Bellicose > 74437
...Postal-Marine-Series/Luctation > 27542
...Postal-Marine-Series/Imbroglio > 10825
...Postal-Marine-Series/Scintilla > 104811
...Total: 217615
2014-01-27 02:00:01 -0500: Running stats as-of 2014-01-26...
...Postal-Marine-Series/Bellicose > 74437
...Postal-Marine-Series/Luctation > 27563
...Postal-Marine-Series/Imbroglio > 10825
...Postal-Marine-Series/Scintilla > 105637
...Total: 218462
2014-01-28 02:00:15 -0500: Running stats as-of 2014-01-27...
...Postal-Marine-Series/Bellicose > 74437
...Postal-Marine-Series/Luctation > 27563
...Postal-Marine-Series/Imbroglio > 10825
...Postal-Marine-Series/Scintilla > 105389
...Total: 218214
2014-01-29 02:00:01 -0500: Running stats as-of 2014-01-28...
...Postal-Marine-Series/Bellicose > 74437
...Postal-Marine-Series/Luctation > 27563
...Postal-Marine-Series/Imbroglio > 10825
...Postal-Marine-Series/Scintilla > 105378
...Total: 218203
2014-01-30 02:00:01 -0500: Running stats as-of 2014-01-29...
...Postal-Marine-Series/Bellicose > 74437
...Postal-Marine-Series/Luctation > 27563
...Postal-Marine-Series/Imbroglio > 10825
...Postal-Marine-Series/Scintilla > 105529
...Total: 218354
2014-01-31 02:00:01 -0500: Running stats as-of 2014-01-30...
...Postal-Marine-Series/Bellicose > 74437
...Postal-Marine-Series/Luctation > 27563
...Postal-Marine-Series/Imbroglio > 10825
...Postal-Marine-Series/Scintilla > 105547
...Total: 218372
2014-02-01 02:00:01 -0500: Running stats as-of 2014-01-31...
...Postal-Marine-Series/Bellicose > 74437
...Postal-Marine-Series/Luctation > 27563
...Postal-Marine-Series/Imbroglio > 10825
...Postal-Marine-Series/Scintilla > 105547
...Total: 218372
2014-02-02 02:00:06 -0500: Running stats as-of 2014-02-01...
...Postal-Marine-Series/Bellicose > 74437
...Postal-Marine-Series/Luctation > 29623
...Postal-Marine-Series/Imbroglio > 10825
...Postal-Marine-Series/Scintilla > 105547
...Total: 220432
2014-02-03 02:00:00 -0500: Running stats as-of 2014-02-02...
...Postal-Marine-Series/Bellicose > 74437
...Postal-Marine-Series/Luctation > 29623
...Postal-Marine-Series/Imbroglio > 10825
...Postal-Marine-Series/Scintilla > 105547
...Total: 220432
2014-02-04 02:00:01 -0500: Running stats as-of 2014-02-03...
...Postal-Marine-Series/Bellicose > 74437
...Postal-Marine-Series/Luctation > 29623
...Postal-Marine-Series/Imbroglio > 10825
...Postal-Marine-Series/Scintilla > 105547
...Total: 220432
2014-02-05 02:00:00 -0500: Running stats as-of 2014-02-04...
...Postal-Marine-Series/Bellicose > 74437
...Postal-Marine-Series/Luctation > 30847
...Postal-Marine-Series/Imbroglio > 10825
...Postal-Marine-Series/Scintilla > 105547
...Total: 221656
2014-02-06 02:00:01 -0500: Running stats as-of 2014-02-05...
...Postal-Marine-Series/Bellicose > 74437
...Postal-Marine-Series/Luctation > 30847
...Postal-Marine-Series/Imbroglio > 10825
...Postal-Marine-Series/Scintilla > 105547
...Total: 221656
2014-02-07 02:00:01 -0500: Running stats as-of 2014-02-06...
...Postal-Marine-Series/Bellicose > 74437
...Postal-Marine-Series/Luctation > 31611
...Postal-Marine-Series/Imbroglio > 10825
...Postal-Marine-Series/Scintilla > 105547
...Total: 222420
2014-02-08 02:00:00 -0500: Running stats as-of 2014-02-07...
...Postal-Marine-Series/Bellicose > 74437
...Postal-Marine-Series/Luctation > 31611
...Postal-Marine-Series/Imbroglio > 10825
...Postal-Marine-Series/Scintilla > 105547
...Total: 222420
2014-02-09 02:00:00 -0500: Running stats as-of 2014-02-08...
...Postal-Marine-Series/Bellicose > 74437
...Postal-Marine-Series/Luctation > 31611
...Postal-Marine-Series/Imbroglio > 10825
...Postal-Marine-Series/Scintilla > 105547
...Total: 222420
2014-02-10 02:00:01 -0500: Running stats as-of 2014-02-09...
...Postal-Marine-Series/Bellicose > 74437
...Postal-Marine-Series/Luctation > 31654
...Postal-Marine-Series/Imbroglio > 10825
...Postal-Marine-Series/Scintilla > 105547
...Total: 222463
2014-02-11 02:00:01 -0500: Running stats as-of 2014-02-10...
...Postal-Marine-Series/Bellicose > 74437
...Postal-Marine-Series/Luctation > 32045
...Postal-Marine-Series/Imbroglio > 10825
...Postal-Marine-Series/Scintilla > 105547
...Total: 222854
2014-02-12 02:00:01 -0500: Running stats as-of 2014-02-11...
...Postal-Marine-Series/Bellicose > 74437
...Postal-Marine-Series/Luctation > 32043
...Postal-Marine-Series/Imbroglio > 10825
...Postal-Marine-Series/Scintilla > 105547
...Total: 222852
2014-02-13 02:00:01 -0500: Running stats as-of 2014-02-12...
...Postal-Marine-Series/Bellicose > 74437
...Postal-Marine-Series/Luctation > 32043
...Postal-Marine-Series/Imbroglio > 10825
...Postal-Marine-Series/Scintilla > 105547
...Total: 222852
2014-02-14 02:00:01 -0500: Running stats as-of 2014-02-13...
...Postal-Marine-Series/Bellicose > 74437
...Postal-Marine-Series/Luctation > 33778
...Postal-Marine-Series/Imbroglio > 10825
...Postal-Marine-Series/Scintilla > 105547
...Total: 224587
2014-02-15 02:00:01 -0500: Running stats as-of 2014-02-14...
...Postal-Marine-Series/Bellicose > 74437
...Postal-Marine-Series/Luctation > 33778
...Postal-Marine-Series/Imbroglio > 10825
...Postal-Marine-Series/Scintilla > 105547
...Total: 224587
2014-02-16 02:00:01 -0500: Running stats as-of 2014-02-15...
...Postal-Marine-Series/Bellicose > 74437
...Postal-Marine-Series/Luctation > 34269
...Postal-Marine-Series/Imbroglio > 10825
...Postal-Marine-Series/Scintilla > 105547
...Total: 225078
2014-02-17 02:00:01 -0500: Running stats as-of 2014-02-16...
...Postal-Marine-Series/Bellicose > 74437
...Postal-Marine-Series/Luctation > 36225
...Postal-Marine-Series/Imbroglio > 10825
...Postal-Marine-Series/Scintilla > 105547
...Total: 227034
2014-02-18 02:00:02 -0500: Running stats as-of 2014-02-17...
...Postal-Marine-Series/Bellicose > 74437
...Postal-Marine-Series/Luctation > 36454
...Postal-Marine-Series/Imbroglio > 10825
...Postal-Marine-Series/Scintilla > 105547
...Total: 227263
2014-02-19 02:00:01 -0500: Running stats as-of 2014-02-18...
...Postal-Marine-Series/Bellicose > 74436
...Postal-Marine-Series/Luctation > 37111
...Postal-Marine-Series/Imbroglio > 10825
...Postal-Marine-Series/Scintilla > 105547
...Total: 227919
2014-02-20 02:00:02 -0500: Running stats as-of 2014-02-19...
...Postal-Marine-Series/Bellicose > 74436
...Postal-Marine-Series/Luctation > 37111
...Postal-Marine-Series/Imbroglio > 10825
...Postal-Marine-Series/Scintilla > 105547
...Total: 227919
2014-02-21 02:00:01 -0500: Running stats as-of 2014-02-20...
...Postal-Marine-Series/Bellicose > 74436
...Postal-Marine-Series/Luctation > 37111
...Postal-Marine-Series/Imbroglio > 10825
...Postal-Marine-Series/Scintilla > 105547
...Total: 227919
2014-02-22 02:00:00 -0500: Running stats as-of 2014-02-21...
...Postal-Marine-Series/Bellicose > 74436
...Postal-Marine-Series/Luctation > 37111
...Postal-Marine-Series/Imbroglio > 10825
...Postal-Marine-Series/Scintilla > 105547
...Total: 227919
2014-02-23 02:00:01 -0500: Running stats as-of 2014-02-22...
...Postal-Marine-Series/Bellicose > 74436
...Postal-Marine-Series/Luctation > 37111
...Postal-Marine-Series/Imbroglio > 10825
...Postal-Marine-Series/Scintilla > 105547
...Total: 227919
2014-02-24 02:00:00 -0500: Running stats as-of 2014-02-23...
...Postal-Marine-Series/Bellicose > 74436
...Postal-Marine-Series/Luctation > 37111
...Postal-Marine-Series/Imbroglio > 10825
...Postal-Marine-Series/Scintilla > 105547
...Total: 227919
2014-02-25 02:00:00 -0500: Running stats as-of 2014-02-24...
...Postal-Marine-Series/Bellicose > 74436
...Postal-Marine-Series/Luctation > 37163
...Postal-Marine-Series/Imbroglio > 10825
...Postal-Marine-Series/Scintilla > 105547
...Total: 227971
2014-02-26 02:00:00 -0500: Running stats as-of 2014-02-25...
...Postal-Marine-Series/Bellicose > 74436
...Postal-Marine-Series/Luctation > 38577
...Postal-Marine-Series/Imbroglio > 10825
...Postal-Marine-Series/Scintilla > 105547
...Total: 229385
2014-02-27 02:00:00 -0500: Running stats as-of 2014-02-26...
...Postal-Marine-Series/Bellicose > 74436
...Postal-Marine-Series/Luctation > 38577
...Postal-Marine-Series/Imbroglio > 10825
...Postal-Marine-Series/Scintilla > 105547
...Total: 229385
2014-02-28 02:00:00 -0500: Running stats as-of 2014-02-27...
...Postal-Marine-Series/Bellicose > 74436
...Postal-Marine-Series/Luctation > 38577
...Postal-Marine-Series/Imbroglio > 10825
...Postal-Marine-Series/Scintilla > 105547
...Total: 229385
2014-03-01 02:00:01 -0500: Running stats as-of 2014-02-28...
...Postal-Marine-Series/Bellicose > 74436
...Postal-Marine-Series/Luctation > 38577
...Postal-Marine-Series/Imbroglio > 10825
...Postal-Marine-Series/Scintilla > 105547
...Total: 229385
2014-03-02 02:00:00 -0500: Running stats as-of 2014-03-01...
...Postal-Marine-Series/Bellicose > 74436
...Postal-Marine-Series/Luctation > 39712
...Postal-Marine-Series/Imbroglio > 10825
...Postal-Marine-Series/Scintilla > 105547
...Total: 230520
2014-03-03 02:00:00 -0500: Running stats as-of 2014-03-02...
...Postal-Marine-Series/Bellicose > 74436
...Postal-Marine-Series/Luctation > 41188
...Postal-Marine-Series/Imbroglio > 10825
...Postal-Marine-Series/Scintilla > 105547
...Total: 231996
2014-03-04 02:00:01 -0500: Running stats as-of 2014-03-03...
...Postal-Marine-Series/Bellicose > 74436
...Postal-Marine-Series/Luctation > 41188
...Postal-Marine-Series/Imbroglio > 10825
...Postal-Marine-Series/Scintilla > 105547
...Total: 231996
2014-03-05 02:00:00 -0500: Running stats as-of 2014-03-04...
...Postal-Marine-Series/Bellicose > 74436
...Postal-Marine-Series/Luctation > 41188
...Postal-Marine-Series/Imbroglio > 10825
...Postal-Marine-Series/Scintilla > 105547
...Total: 231996
2014-03-06 02:00:00 -0500: Running stats as-of 2014-03-05...
...Postal-Marine-Series/Bellicose > 74436
...Postal-Marine-Series/Luctation > 41188
...Postal-Marine-Series/Imbroglio > 10825
...Postal-Marine-Series/Scintilla > 105547
...Total: 231996
2014-03-08 02:00:00 -0500: Running stats as-of 2014-03-07...
...Postal-Marine-Series/Bellicose > 74436
...Postal-Marine-Series/Luctation > 41188
...Postal-Marine-Series/Imbroglio > 10825
...Postal-Marine-Series/Scintilla > 105547
...Total: 231996
2014-03-09 12:13:24 -0400: Running stats as-of 2014-03-08...
...Postal-Marine-Series/Bellicose > 74436
...Postal-Marine-Series/Luctation > 41188
...Postal-Marine-Series/Imbroglio > 10825
...Postal-Marine-Series/Scintilla > 105547
...Total: 231996
2014-03-10 02:00:00 -0400: Running stats as-of 2014-03-09...
...Postal-Marine-Series/Bellicose > 74436
...Postal-Marine-Series/Luctation > 42722
...Postal-Marine-Series/Imbroglio > 10825
...Postal-Marine-Series/Scintilla > 105547
...Total: 233530
2014-03-11 02:00:00 -0400: Running stats as-of 2014-03-10...
...Postal-Marine-Series/Bellicose > 74436
...Postal-Marine-Series/Luctation > 42722
...Postal-Marine-Series/Imbroglio > 10825
...Postal-Marine-Series/Scintilla > 105547
...Total: 233530
2014-03-12 02:00:00 -0400: Running stats as-of 2014-03-11...
...Postal-Marine-Series/Bellicose > 74436
...Postal-Marine-Series/Luctation > 42722
...Postal-Marine-Series/Imbroglio > 10825
...Postal-Marine-Series/Scintilla > 105547
...Total: 233530
2014-03-13 02:00:00 -0400: Running stats as-of 2014-03-12...
...Postal-Marine-Series/Bellicose > 74436
...Postal-Marine-Series/Luctation > 42722
...Postal-Marine-Series/Imbroglio > 10825
...Postal-Marine-Series/Scintilla > 105547
...Total: 233530
2014-03-14 02:00:01 -0400: Running stats as-of 2014-03-13...
...Postal-Marine-Series/Bellicose > 74436
...Postal-Marine-Series/Luctation > 42722
...Postal-Marine-Series/Imbroglio > 10825
...Postal-Marine-Series/Scintilla > 105547
...Total: 233530
2014-03-15 02:00:00 -0400: Running stats as-of 2014-03-14...
...Postal-Marine-Series/Bellicose > 74436
...Postal-Marine-Series/Luctation > 42722
...Postal-Marine-Series/Imbroglio > 10825
...Postal-Marine-Series/Scintilla > 105547
...Total: 233530
2014-03-16 02:00:00 -0400: Running stats as-of 2014-03-15...
...Postal-Marine-Series/Bellicose > 74436
...Postal-Marine-Series/Luctation > 42722
...Postal-Marine-Series/Imbroglio > 10825
...Postal-Marine-Series/Scintilla > 105547
...Total: 233530
2014-03-17 02:00:00 -0400: Running stats as-of 2014-03-16...
...Postal-Marine-Series/Bellicose > 74436
...Postal-Marine-Series/Luctation > 42722
...Postal-Marine-Series/Imbroglio > 10825
...Postal-Marine-Series/Scintilla > 105547
...Total: 233530
2014-03-18 02:00:00 -0400: Running stats as-of 2014-03-17...
...Postal-Marine-Series/Bellicose > 74436
...Postal-Marine-Series/Luctation > 43954
...Postal-Marine-Series/Imbroglio > 10825
...Postal-Marine-Series/Scintilla > 105547
...Total: 233530
2014-03-19 02:00:00 -0400: Running stats as-of 2014-03-18...
...Postal-Marine-Series/Bellicose > 74436
...Postal-Marine-Series/Luctation > 45186
...Postal-Marine-Series/Imbroglio > 10825
...Postal-Marine-Series/Scintilla > 105547
...Total: 233530
2014-03-20 02:00:00 -0400: Running stats as-of 2014-03-19...
...Postal-Marine-Series/Bellicose > 74436
...Postal-Marine-Series/Luctation > 46418
...Postal-Marine-Series/Imbroglio > 10825
...Postal-Marine-Series/Scintilla > 105547
...Total: 233530
2014-03-21 02:00:01 -0400: Running stats as-of 2014-03-20...
...Postal-Marine-Series/Bellicose > 74436
...Postal-Marine-Series/Luctation > 47650
...Postal-Marine-Series/Imbroglio > 10825
...Postal-Marine-Series/Scintilla > 105547
...Total: 233530
2014-03-22 02:00:00 -0400: Running stats as-of 2014-03-21...
...Postal-Marine-Series/Bellicose > 74436
...Postal-Marine-Series/Luctation > 48882
...Postal-Marine-Series/Imbroglio > 10825
...Postal-Marine-Series/Scintilla > 105547
...Total: 233530
2014-03-23 02:00:00 -0400: Running stats as-of 2014-03-22...
...Postal-Marine-Series/Bellicose > 74436
...Postal-Marine-Series/Luctation > 50114
...Postal-Marine-Series/Imbroglio > 10825
...Postal-Marine-Series/Scintilla > 105547
...Total: 233530
2014-03-24 02:00:00 -0400: Running stats as-of 2014-03-23...
...Postal-Marine-Series/Bellicose > 74525
...Postal-Marine-Series/Luctation > 51346
...Postal-Marine-Series/Imbroglio > 10825
...Postal-Marine-Series/Scintilla > 105547
...Total: 242244
2014-03-25 02:00:00 -0400: Running stats as-of 2014-03-24...
...Postal-Marine-Series/Bellicose > 74525
...Postal-Marine-Series/Luctation > 51347
...Postal-Marine-Series/Imbroglio > 10825
...Postal-Marine-Series/Scintilla > 105547
...Total: 242244
2014-03-26 02:00:01 -0400: Running stats as-of 2014-03-25...
...Postal-Marine-Series/Bellicose > 74525
...Postal-Marine-Series/Luctation > 51347
...Postal-Marine-Series/Imbroglio > 10825
...Postal-Marine-Series/Scintilla > 105547
...Total: 242244
2014-03-27 02:00:01 -0400: Running stats as-of 2014-03-26...
...Postal-Marine-Series/Bellicose > 74525
...Postal-Marine-Series/Luctation > 51347
...Postal-Marine-Series/Imbroglio > 10825
...Postal-Marine-Series/Scintilla > 105547
...Total: 242244
2014-03-28 02:00:00 -0400: Running stats as-of 2014-03-27...
...Postal-Marine-Series/Bellicose > 75479
...Postal-Marine-Series/Luctation > 51347
...Postal-Marine-Series/Imbroglio > 10825
...Postal-Marine-Series/Scintilla > 105547
...Total: 243198
2014-03-29 02:00:00 -0400: Running stats as-of 2014-03-28...
...Postal-Marine-Series/Bellicose > 75479
...Postal-Marine-Series/Luctation > 51347
...Postal-Marine-Series/Imbroglio > 10825
...Postal-Marine-Series/Scintilla > 105547
...Total: 243198
2014-03-30 02:00:00 -0400: Running stats as-of 2014-03-29...
...Postal-Marine-Series/Bellicose > 75479
...Postal-Marine-Series/Luctation > 52110
...Postal-Marine-Series/Imbroglio > 10825
...Postal-Marine-Series/Scintilla > 105547
...Total: 243961
2014-03-31 02:00:00 -0400: Running stats as-of 2014-03-30...
...Postal-Marine-Series/Bellicose > 75479
...Postal-Marine-Series/Luctation > 52110
...Postal-Marine-Series/Imbroglio > 10825
...Postal-Marine-Series/Scintilla > 105547
...Total: 243961
2014-04-01 02:00:00 -0400: Running stats as-of 2014-03-31...
...Postal-Marine-Series/Bellicose > 75479
...Postal-Marine-Series/Luctation > 51824
...Postal-Marine-Series/Imbroglio > 10825
...Postal-Marine-Series/Scintilla > 105547
...Total: 243675
2014-04-02 02:00:01 -0400: Running stats as-of 2014-04-01...
...Postal-Marine-Series/Bellicose > 75479
...Postal-Marine-Series/Luctation > 52490
...Postal-Marine-Series/Imbroglio > 10825
...Postal-Marine-Series/Scintilla > 105547
...Total: 244341
2014-04-03 02:00:00 -0400: Running stats as-of 2014-04-02...
...Postal-Marine-Series/Bellicose > 75479
...Postal-Marine-Series/Luctation > 52490
...Postal-Marine-Series/Imbroglio > 10825
...Postal-Marine-Series/Scintilla > 105547
...Total: 244341
2014-04-04 02:00:00 -0400: Running stats as-of 2014-04-03...
...Postal-Marine-Series/Bellicose > 75495
...Postal-Marine-Series/Luctation > 53203
...Postal-Marine-Series/Imbroglio > 10825
...Postal-Marine-Series/Scintilla > 105547
...Total: 245070
2014-04-05 02:00:00 -0400: Running stats as-of 2014-04-04...
...Postal-Marine-Series/Bellicose > 75495
...Postal-Marine-Series/Luctation > 53203
...Postal-Marine-Series/Imbroglio > 10825
...Postal-Marine-Series/Scintilla > 105547
...Total: 245070
2014-04-06 02:00:00 -0400: Running stats as-of 2014-04-05...
...Postal-Marine-Series/Bellicose > 75495
...Postal-Marine-Series/Luctation > 54107
...Postal-Marine-Series/Imbroglio > 10825
...Postal-Marine-Series/Scintilla > 105547
...Total: 245974
2014-04-07 02:00:00 -0400: Running stats as-of 2014-04-06...
...Postal-Marine-Series/Bellicose > 75495
...Postal-Marine-Series/Luctation > 54107
...Postal-Marine-Series/Imbroglio > 10825
...Postal-Marine-Series/Scintilla > 105547
...Total: 245974
2014-04-09 02:00:00 -0400: Running stats as-of 2014-04-08...
...Postal-Marine-Series/Bellicose > 75495
...Postal-Marine-Series/Luctation > 54107
...Postal-Marine-Series/Imbroglio > 10825
...Postal-Marine-Series/Scintilla > 105547
...Total: 245974
2014-04-10 02:00:01 -0400: Running stats as-of 2014-04-09...
...Postal-Marine-Series/Bellicose > 75495
...Postal-Marine-Series/Luctation > 54107
...Postal-Marine-Series/Imbroglio > 10825
...Postal-Marine-Series/Scintilla > 105547
...Total: 245974
2014-04-17 02:05:02 -0400: Running stats as-of 2014-04-16...
...Postal-Marine-Series/Bellicose > 75495
...Postal-Marine-Series/Luctation > 54273
...Postal-Marine-Series/Imbroglio > 10825
...Postal-Marine-Series/Scintilla > 105547
...Total: 246140
2014-04-18 02:05:01 -0400: Running stats as-of 2014-04-17...
...Postal-Marine-Series/Bellicose > 75495
...Postal-Marine-Series/Luctation > 54273
...Postal-Marine-Series/Imbroglio > 10825
...Postal-Marine-Series/Scintilla > 105547
...Total: 246140
2014-04-19 02:05:00 -0400: Running stats as-of 2014-04-18...
...Postal-Marine-Series/Bellicose > 75495
...Postal-Marine-Series/Luctation > 58394
...Postal-Marine-Series/Imbroglio > 10825
...Postal-Marine-Series/Scintilla > 105547
...Total: 250261
2014-04-20 02:05:00 -0400: Running stats as-of 2014-04-19...
...Postal-Marine-Series/Bellicose > 75495
...Postal-Marine-Series/Luctation > 58394
...Postal-Marine-Series/Imbroglio > 10825
...Postal-Marine-Series/Scintilla > 105547
...Total: 250261
2014-04-22 02:05:00 -0400: Running stats as-of 2014-04-21...
...Postal-Marine-Series/Bellicose > 75495
...Postal-Marine-Series/Luctation > 58394
...Postal-Marine-Series/Imbroglio > 10825
...Postal-Marine-Series/Scintilla > 105547
...Total: 250261
2014-04-23 02:05:01 -0400: Running stats as-of 2014-04-22...
...Postal-Marine-Series/Bellicose > 75495
...Postal-Marine-Series/Luctation > 58402
...Postal-Marine-Series/Imbroglio > 10825
...Postal-Marine-Series/Scintilla > 105547
...Total: 250269
2014-04-24 02:05:00 -0400: Running stats as-of 2014-04-23...
...Postal-Marine-Series/Bellicose > 75495
...Postal-Marine-Series/Luctation > 58402
...Postal-Marine-Series/Imbroglio > 10825
...Postal-Marine-Series/Scintilla > 105547
...Total: 250269
2014-04-26 02:05:01 -0400: Running stats as-of 2014-04-25...
...Postal-Marine-Series/Bellicose > 75495
...Postal-Marine-Series/Luctation > 58402
...Postal-Marine-Series/Imbroglio > 10825
...Postal-Marine-Series/Scintilla > 105547
...Total: 250269
2014-04-27 02:05:01 -0400: Running stats as-of 2014-04-26...
...Postal-Marine-Series/Bellicose > 75495
...Postal-Marine-Series/Luctation > 58402
...Postal-Marine-Series/Imbroglio > 10825
...Postal-Marine-Series/Scintilla > 105547
...Total: 250269
2014-04-28 02:05:00 -0400: Running stats as-of 2014-04-27...
...Postal-Marine-Series/Bellicose > 75495
...Postal-Marine-Series/Luctation > 58402
...Postal-Marine-Series/Imbroglio > 10825
...Postal-Marine-Series/Scintilla > 105547
...Total: 250269
2014-04-29 02:05:01 -0400: Running stats as-of 2014-04-28...
...Postal-Marine-Series/Bellicose > 75495
...Postal-Marine-Series/Luctation > 58402
...Postal-Marine-Series/Imbroglio > 10825
...Postal-Marine-Series/Scintilla > 105547
...Total: 250269
2014-04-30 02:05:01 -0400: Running stats as-of 2014-04-29...
...Postal-Marine-Series/Bellicose > 75495
...Postal-Marine-Series/Luctation > 58402
...Postal-Marine-Series/Imbroglio > 10825
...Postal-Marine-Series/Scintilla > 105547
...Total: 250269
2014-05-01 02:05:01 -0400: Running stats as-of 2014-04-30...
...Postal-Marine-Series/Bellicose > 75495
...Postal-Marine-Series/Luctation > 58402
...Postal-Marine-Series/Imbroglio > 10825
...Postal-Marine-Series/Scintilla > 105547
...Total: 250269
2014-05-02 02:05:02 -0400: Running stats as-of 2014-05-01...
...Postal-Marine-Series/Bellicose > 75495
...Postal-Marine-Series/Luctation > 58402
...Postal-Marine-Series/Imbroglio > 10825
...Postal-Marine-Series/Scintilla > 105547
...Total: 250269
2014-05-03 02:05:01 -0400: Running stats as-of 2014-05-02...
...Postal-Marine-Series/Bellicose > 75495
...Postal-Marine-Series/Luctation > 58402
...Postal-Marine-Series/Imbroglio > 10825
...Postal-Marine-Series/Scintilla > 105547
...Total: 250269
2014-05-04 02:05:01 -0400: Running stats as-of 2014-05-03...
...Postal-Marine-Series/Bellicose > 75495
...Postal-Marine-Series/Luctation > 58402
...Postal-Marine-Series/Imbroglio > 10825
...Postal-Marine-Series/Scintilla > 105547
...Total: 250269
2014-05-05 02:05:01 -0400: Running stats as-of 2014-05-04...
...Postal-Marine-Series/Bellicose > 75495
...Postal-Marine-Series/Luctation > 58402
...Postal-Marine-Series/Imbroglio > 10825
...Postal-Marine-Series/Scintilla > 105547
...Total: 250269
2014-05-06 02:05:01 -0400: Running stats as-of 2014-05-05...
...Postal-Marine-Series/Bellicose > 75495
...Postal-Marine-Series/Luctation > 58402
...Postal-Marine-Series/Imbroglio > 10825
...Postal-Marine-Series/Scintilla > 105547
...Total: 250269
2014-05-07 02:05:01 -0400: Running stats as-of 2014-05-06...
...Postal-Marine-Series/Bellicose > 75495
...Postal-Marine-Series/Luctation > 58402
...Postal-Marine-Series/Imbroglio > 10825
...Postal-Marine-Series/Scintilla > 105547
...Total: 250269
2014-05-08 02:05:02 -0400: Running stats as-of 2014-05-07...
...Postal-Marine-Series/Bellicose > 75495
...Postal-Marine-Series/Luctation > 58402
...Postal-Marine-Series/Imbroglio > 10825
...Postal-Marine-Series/Scintilla > 105547
...Total: 250269
2014-05-09 02:05:00 -0400: Running stats as-of 2014-05-08...
...Postal-Marine-Series/Bellicose > 75495
...Postal-Marine-Series/Luctation > 58402
...Postal-Marine-Series/Imbroglio > 10825
...Postal-Marine-Series/Scintilla > 105547
...Total: 250269
2014-05-10 02:05:01 -0400: Running stats as-of 2014-05-09...
...Postal-Marine-Series/Bellicose > 75495
...Postal-Marine-Series/Luctation > 58402
...Postal-Marine-Series/Imbroglio > 10825
...Postal-Marine-Series/Scintilla > 105547
...Total: 250269
2014-05-11 02:05:01 -0400: Running stats as-of 2014-05-10...
...Postal-Marine-Series/Bellicose > 75495
...Postal-Marine-Series/Luctation > 58402
...Postal-Marine-Series/Imbroglio > 10825
...Postal-Marine-Series/Scintilla > 105547
...Total: 250269
2014-05-11 02:05:01 -0400: Running stats as-of 2014-05-11...
...Postal-Marine-Series/Bellicose > 75495
...Postal-Marine-Series/Luctation > 58402
...Postal-Marine-Series/Imbroglio > 10825
...Postal-Marine-Series/Scintilla > 105547
...Total: 250269
2014-05-11 02:05:01 -0400: Running stats as-of 2014-05-12...
...Postal-Marine-Series/Bellicose > 75495
...Postal-Marine-Series/Luctation > 58402
...Postal-Marine-Series/Imbroglio > 10825
...Postal-Marine-Series/Scintilla > 105547
...Total: 250269
2014-05-11 02:05:01 -0400: Running stats as-of 2014-05-13...
...Postal-Marine-Series/Bellicose > 75495
...Postal-Marine-Series/Luctation > 58402
...Postal-Marine-Series/Imbroglio > 10825
...Postal-Marine-Series/Scintilla > 105547
...Total: 250269
2014-05-11 02:05:01 -0400: Running stats as-of 2014-05-14...
...Postal-Marine-Series/Bellicose > 75495
...Postal-Marine-Series/Luctation > 58402
...Postal-Marine-Series/Imbroglio > 10825
...Postal-Marine-Series/Scintilla > 105547
...Total: 250269
2014-05-11 02:05:01 -0400: Running stats as-of 2014-05-15...
...Postal-Marine-Series/Bellicose > 75495
...Postal-Marine-Series/Luctation > 58402
...Postal-Marine-Series/Imbroglio > 10825
...Postal-Marine-Series/Scintilla > 105547
...Total: 250269
2014-05-11 02:05:01 -0400: Running stats as-of 2014-05-16...
...Postal-Marine-Series/Bellicose > 75495
...Postal-Marine-Series/Luctation > 58402
...Postal-Marine-Series/Imbroglio > 10825
...Postal-Marine-Series/Scintilla > 105547
...Total: 250269
2014-05-11 02:05:01 -0400: Running stats as-of 2014-05-17...
...Postal-Marine-Series/Bellicose > 75495
...Postal-Marine-Series/Luctation > 58402
...Postal-Marine-Series/Imbroglio > 10825
...Postal-Marine-Series/Scintilla > 105547
...Total: 250269
2014-05-11 02:05:01 -0400: Running stats as-of 2014-05-18...
...Postal-Marine-Series/Bellicose > 75495
...Postal-Marine-Series/Luctation > 58402
...Postal-Marine-Series/Imbroglio > 10825
...Postal-Marine-Series/Scintilla > 105547
...Total: 250269
2014-05-11 02:05:01 -0400: Running stats as-of 2014-05-19...
...Postal-Marine-Series/Bellicose > 75495
...Postal-Marine-Series/Luctation > 58402
...Postal-Marine-Series/Imbroglio > 10825
...Postal-Marine-Series/Scintilla > 105547
...Total: 250269
2014-05-11 02:05:01 -0400: Running stats as-of 2014-05-20...
...Postal-Marine-Series/Bellicose > 75495
...Postal-Marine-Series/Luctation > 58402
...Postal-Marine-Series/Imbroglio > 10825
...Postal-Marine-Series/Scintilla > 105547
...Total: 250269
2014-05-11 02:05:01 -0400: Running stats as-of 2014-05-21...
...Postal-Marine-Series/Bellicose > 75495
...Postal-Marine-Series/Luctation > 58402
...Postal-Marine-Series/Imbroglio > 10825
...Postal-Marine-Series/Scintilla > 105547
...Total: 250269